MySQL连接失败，尝试使用SQLite: Error 1049 (42000): Unknown database 'orchestrator'

2025/09/20 17:33:12 [32m/Users/lifengming/Work/CodeRepo/orchestrator/internal/dal/database.go:72
[0m[33m[0.025ms] [34;1m[rows:-][0m SELECT count(*) FROM sqlite_master WHERE type='table' AND name="steps"

2025/09/20 17:33:12 [32m/Users/lifengming/Work/CodeRepo/orchestrator/internal/dal/database.go:72
[0m[33m[0.048ms] [34;1m[rows:1][0m SELECT sql FROM sqlite_master WHERE type IN ("table","index") AND tbl_name = "steps" AND sql IS NOT NULL order by type = "table" desc

2025/09/20 17:33:12 [32m/Users/lifengming/Work/CodeRepo/orchestrator/internal/dal/database.go:72
[0m[33m[0.014ms] [34;1m[rows:-][0m SELECT * FROM `steps` LIMIT 1

2025/09/20 17:33:12 [32m/Users/lifengming/Work/CodeRepo/orchestrator/internal/dal/database.go:72
[0m[33m[0.008ms] [34;1m[rows:-][0m SELECT count(*) FROM sqlite_master WHERE type='table' AND name="workflow_templates"

2025/09/20 17:33:12 [32m/Users/lifengming/Work/CodeRepo/orchestrator/internal/dal/database.go:72
[0m[33m[0.027ms] [34;1m[rows:1][0m SELECT sql FROM sqlite_master WHERE type IN ("table","index") AND tbl_name = "workflow_templates" AND sql IS NOT NULL order by type = "table" desc

2025/09/20 17:33:12 [32m/Users/lifengming/Work/CodeRepo/orchestrator/internal/dal/database.go:72
[0m[33m[0.008ms] [34;1m[rows:-][0m SELECT * FROM `workflow_templates` LIMIT 1

2025/09/20 17:33:12 [32m/Users/lifengming/Work/CodeRepo/orchestrator/internal/dal/database.go:72
[0m[33m[0.006ms] [34;1m[rows:-][0m SELECT count(*) FROM sqlite_master WHERE type='table' AND name="workflow_template_steps"

2025/09/20 17:33:12 [32m/Users/lifengming/Work/CodeRepo/orchestrator/internal/dal/database.go:72
[0m[33m[0.022ms] [34;1m[rows:1][0m SELECT sql FROM sqlite_master WHERE type IN ("table","index") AND tbl_name = "workflow_template_steps" AND sql IS NOT NULL order by type = "table" desc

2025/09/20 17:33:12 [32m/Users/lifengming/Work/CodeRepo/orchestrator/internal/dal/database.go:72
[0m[33m[0.008ms] [34;1m[rows:-][0m SELECT * FROM `workflow_template_steps` LIMIT 1

2025/09/20 17:33:12 [32m/Users/lifengming/Work/CodeRepo/orchestrator/internal/dal/database.go:72
[0m[33m[0.013ms] [34;1m[rows:-][0m SELECT count(*) FROM sqlite_master WHERE type = "table" AND tbl_name = "workflow_template_steps" AND (sql LIKE "%CONSTRAINT ""fk_workflow_template_steps_step"" %" OR sql LIKE "%CONSTRAINT fk_workflow_template_steps_step %" OR sql LIKE "%CONSTRAINT `fk_workflow_template_steps_step`%" OR sql LIKE "%CONSTRAINT [fk_workflow_template_steps_step]%" OR sql LIKE "%CONSTRAINT 	fk_workflow_template_steps_step	%")

2025/09/20 17:33:12 [32m/Users/lifengming/Work/CodeRepo/orchestrator/internal/dal/database.go:72
[0m[33m[0.009ms] [34;1m[rows:-][0m SELECT count(*) FROM sqlite_master WHERE type = "table" AND tbl_name = "workflow_template_steps" AND (sql LIKE "%CONSTRAINT ""fk_workflow_templates_steps"" %" OR sql LIKE "%CONSTRAINT fk_workflow_templates_steps %" OR sql LIKE "%CONSTRAINT `fk_workflow_templates_steps`%" OR sql LIKE "%CONSTRAINT [fk_workflow_templates_steps]%" OR sql LIKE "%CONSTRAINT 	fk_workflow_templates_steps	%")

2025/09/20 17:33:12 [32m/Users/lifengming/Work/CodeRepo/orchestrator/internal/dal/database.go:72
[0m[33m[0.005ms] [34;1m[rows:-][0m SELECT count(*) FROM sqlite_master WHERE type='table' AND name="workflow_executions"

2025/09/20 17:33:12 [32m/Users/lifengming/Work/CodeRepo/orchestrator/internal/dal/database.go:72
[0m[33m[0.023ms] [34;1m[rows:1][0m SELECT sql FROM sqlite_master WHERE type IN ("table","index") AND tbl_name = "workflow_executions" AND sql IS NOT NULL order by type = "table" desc

2025/09/20 17:33:12 [32m/Users/lifengming/Work/CodeRepo/orchestrator/internal/dal/database.go:72
[0m[33m[0.007ms] [34;1m[rows:-][0m SELECT * FROM `workflow_executions` LIMIT 1

2025/09/20 17:33:12 [32m/Users/lifengming/Work/CodeRepo/orchestrator/internal/dal/database.go:72
[0m[33m[0.009ms] [34;1m[rows:-][0m SELECT count(*) FROM sqlite_master WHERE type = "table" AND tbl_name = "workflow_executions" AND (sql LIKE "%CONSTRAINT ""fk_workflow_executions_template"" %" OR sql LIKE "%CONSTRAINT fk_workflow_executions_template %" OR sql LIKE "%CONSTRAINT `fk_workflow_executions_template`%" OR sql LIKE "%CONSTRAINT [fk_workflow_executions_template]%" OR sql LIKE "%CONSTRAINT 	fk_workflow_executions_template	%")

2025/09/20 17:33:12 [32m/Users/lifengming/Work/CodeRepo/orchestrator/internal/dal/database.go:72
[0m[33m[0.004ms] [34;1m[rows:-][0m SELECT count(*) FROM sqlite_master WHERE type='table' AND name="workflow_step_executions"

2025/09/20 17:33:12 [32m/Users/lifengming/Work/CodeRepo/orchestrator/internal/dal/database.go:72
[0m[33m[0.020ms] [34;1m[rows:1][0m SELECT sql FROM sqlite_master WHERE type IN ("table","index") AND tbl_name = "workflow_step_executions" AND sql IS NOT NULL order by type = "table" desc

2025/09/20 17:33:12 [32m/Users/lifengming/Work/CodeRepo/orchestrator/internal/dal/database.go:72
[0m[33m[0.008ms] [34;1m[rows:-][0m SELECT * FROM `workflow_step_executions` LIMIT 1

2025/09/20 17:33:12 [32m/Users/lifengming/Work/CodeRepo/orchestrator/internal/dal/database.go:72
[0m[33m[0.008ms] [34;1m[rows:-][0m SELECT count(*) FROM sqlite_master WHERE type = "table" AND tbl_name = "workflow_step_executions" AND (sql LIKE "%CONSTRAINT ""fk_workflow_executions_steps"" %" OR sql LIKE "%CONSTRAINT fk_workflow_executions_steps %" OR sql LIKE "%CONSTRAINT `fk_workflow_executions_steps`%" OR sql LIKE "%CONSTRAINT [fk_workflow_executions_steps]%" OR sql LIKE "%CONSTRAINT 	fk_workflow_executions_steps	%")

2025/09/20 17:33:12 [32m/Users/lifengming/Work/CodeRepo/orchestrator/internal/dal/database.go:72
[0m[33m[0.008ms] [34;1m[rows:-][0m SELECT count(*) FROM sqlite_master WHERE type = "table" AND tbl_name = "workflow_step_executions" AND (sql LIKE "%CONSTRAINT ""fk_workflow_step_executions_step"" %" OR sql LIKE "%CONSTRAINT fk_workflow_step_executions_step %" OR sql LIKE "%CONSTRAINT `fk_workflow_step_executions_step`%" OR sql LIKE "%CONSTRAINT [fk_workflow_step_executions_step]%" OR sql LIKE "%CONSTRAINT 	fk_workflow_step_executions_step	%")

2025/09/20 17:33:12 [32m/Users/lifengming/Work/CodeRepo/orchestrator/internal/dal/database.go:72
[0m[33m[0.004ms] [34;1m[rows:-][0m SELECT count(*) FROM sqlite_master WHERE type='table' AND name="templates"

2025/09/20 17:33:12 [32m/Users/lifengming/Work/CodeRepo/orchestrator/internal/dal/database.go:72
[0m[33m[0.020ms] [34;1m[rows:1][0m SELECT sql FROM sqlite_master WHERE type IN ("table","index") AND tbl_name = "templates" AND sql IS NOT NULL order by type = "table" desc

2025/09/20 17:33:12 [32m/Users/lifengming/Work/CodeRepo/orchestrator/internal/dal/database.go:72
[0m[33m[0.005ms] [34;1m[rows:-][0m SELECT * FROM `templates` LIMIT 1

2025/09/20 17:33:12 [32m/Users/lifengming/Work/CodeRepo/orchestrator/internal/dal/database.go:72
[0m[33m[0.005ms] [34;1m[rows:-][0m SELECT count(*) FROM sqlite_master WHERE type='table' AND name="template_steps"

2025/09/20 17:33:12 [32m/Users/lifengming/Work/CodeRepo/orchestrator/internal/dal/database.go:72
[0m[33m[0.021ms] [34;1m[rows:2][0m SELECT sql FROM sqlite_master WHERE type IN ("table","index") AND tbl_name = "template_steps" AND sql IS NOT NULL order by type = "table" desc

2025/09/20 17:33:12 [32m/Users/lifengming/Work/CodeRepo/orchestrator/internal/dal/database.go:72
[0m[33m[0.007ms] [34;1m[rows:-][0m SELECT * FROM `template_steps` LIMIT 1

2025/09/20 17:33:12 [32m/Users/lifengming/Work/CodeRepo/orchestrator/internal/dal/database.go:72
[0m[33m[0.052ms] [34;1m[rows:-][0m SELECT count(*) FROM sqlite_master WHERE type = "table" AND tbl_name = "template_steps" AND (sql LIKE "%CONSTRAINT ""fk_templates_steps"" %" OR sql LIKE "%CONSTRAINT fk_templates_steps %" OR sql LIKE "%CONSTRAINT `fk_templates_steps`%" OR sql LIKE "%CONSTRAINT [fk_templates_steps]%" OR sql LIKE "%CONSTRAINT 	fk_templates_steps	%")

2025/09/20 17:33:12 [32m/Users/lifengming/Work/CodeRepo/orchestrator/internal/dal/database.go:72
[0m[33m[0.007ms] [34;1m[rows:-][0m SELECT count(*) FROM sqlite_master WHERE type = "index" AND tbl_name = "template_steps" AND name = "idx_template_steps_template_id"

2025/09/20 17:33:12 [32m/Users/lifengming/Work/CodeRepo/orchestrator/internal/dal/database.go:72
[0m[33m[0.005ms] [34;1m[rows:-][0m SELECT count(*) FROM sqlite_master WHERE type='table' AND name="executions"

2025/09/20 17:33:12 [32m/Users/lifengming/Work/CodeRepo/orchestrator/internal/dal/database.go:72
[0m[33m[0.022ms] [34;1m[rows:2][0m SELECT sql FROM sqlite_master WHERE type IN ("table","index") AND tbl_name = "executions" AND sql IS NOT NULL order by type = "table" desc

2025/09/20 17:33:12 [32m/Users/lifengming/Work/CodeRepo/orchestrator/internal/dal/database.go:72
[0m[33m[0.007ms] [34;1m[rows:-][0m SELECT * FROM `executions` LIMIT 1

2025/09/20 17:33:12 [32m/Users/lifengming/Work/CodeRepo/orchestrator/internal/dal/database.go:72
[0m[33m[0.006ms] [34;1m[rows:-][0m SELECT count(*) FROM sqlite_master WHERE type = "index" AND tbl_name = "executions" AND name = "idx_executions_template_id"

2025/09/20 17:33:12 [32m/Users/lifengming/Work/CodeRepo/orchestrator/internal/dal/database.go:72
[0m[33m[0.004ms] [34;1m[rows:-][0m SELECT count(*) FROM sqlite_master WHERE type='table' AND name="step_executions"

2025/09/20 17:33:12 [32m/Users/lifengming/Work/CodeRepo/orchestrator/internal/dal/database.go:72
[0m[33m[0.021ms] [34;1m[rows:3][0m SELECT sql FROM sqlite_master WHERE type IN ("table","index") AND tbl_name = "step_executions" AND sql IS NOT NULL order by type = "table" desc

2025/09/20 17:33:12 [32m/Users/lifengming/Work/CodeRepo/orchestrator/internal/dal/database.go:72
[0m[33m[0.006ms] [34;1m[rows:-][0m SELECT * FROM `step_executions` LIMIT 1

2025/09/20 17:33:12 [32m/Users/lifengming/Work/CodeRepo/orchestrator/internal/dal/database.go:72
[0m[33m[0.005ms] [34;1m[rows:-][0m SELECT count(*) FROM sqlite_master WHERE type = "index" AND tbl_name = "step_executions" AND name = "idx_step_executions_execution_id"

2025/09/20 17:33:12 [32m/Users/lifengming/Work/CodeRepo/orchestrator/internal/dal/database.go:72
[0m[33m[0.005ms] [34;1m[rows:-][0m SELECT count(*) FROM sqlite_master WHERE type = "index" AND tbl_name = "step_executions" AND name = "idx_step_executions_step_id"
[GIN-debug] [WARNING] Creating an Engine instance with the Logger and Recovery middleware already attached.

[GIN-debug] [WARNING] Running in "debug" mode. Switch to "release" mode in production.
 - using env:	export GIN_MODE=release
 - using code:	gin.SetMode(gin.ReleaseMode)

[GIN-debug] POST   /api/v1/steps             --> github.com/fengmingli/orchestrator/internal/api/handler.(*StepHandler).CreateStep-fm (6 handlers)
[GIN-debug] GET    /api/v1/steps             --> github.com/fengmingli/orchestrator/internal/api/handler.(*StepHandler).ListSteps-fm (6 handlers)
[GIN-debug] GET    /api/v1/steps/:id         --> github.com/fengmingli/orchestrator/internal/api/handler.(*StepHandler).GetStep-fm (6 handlers)
[GIN-debug] PUT    /api/v1/steps/:id         --> github.com/fengmingli/orchestrator/internal/api/handler.(*StepHandler).UpdateStep-fm (6 handlers)
[GIN-debug] DELETE /api/v1/steps/:id         --> github.com/fengmingli/orchestrator/internal/api/handler.(*StepHandler).DeleteStep-fm (6 handlers)
[GIN-debug] POST   /api/v1/steps/:id/validate --> github.com/fengmingli/orchestrator/internal/api/handler.(*StepHandler).ValidateStep-fm (6 handlers)
[GIN-debug] POST   /api/v1/templates         --> github.com/fengmingli/orchestrator/internal/api/handler.(*TemplateHandler).CreateTemplate-fm (6 handlers)
[GIN-debug] GET    /api/v1/templates         --> github.com/fengmingli/orchestrator/internal/api/handler.(*TemplateHandler).ListTemplates-fm (6 handlers)
[GIN-debug] GET    /api/v1/templates/:id     --> github.com/fengmingli/orchestrator/internal/api/handler.(*TemplateHandler).GetTemplate-fm (6 handlers)
[GIN-debug] PUT    /api/v1/templates/:id     --> github.com/fengmingli/orchestrator/internal/api/handler.(*TemplateHandler).UpdateTemplate-fm (6 handlers)
[GIN-debug] DELETE /api/v1/templates/:id     --> github.com/fengmingli/orchestrator/internal/api/handler.(*TemplateHandler).DeleteTemplate-fm (6 handlers)
[GIN-debug] GET    /api/v1/templates/:id/dag --> github.com/fengmingli/orchestrator/internal/api/handler.(*TemplateHandler).GetTemplateDAG-fm (6 handlers)
[GIN-debug] POST   /api/v1/templates/:id/steps --> github.com/fengmingli/orchestrator/internal/api/handler.(*TemplateHandler).AddStepToTemplate-fm (6 handlers)
[GIN-debug] DELETE /api/v1/templates/:id/steps/:stepId --> github.com/fengmingli/orchestrator/internal/api/handler.(*TemplateHandler).RemoveStepFromTemplate-fm (6 handlers)
[GIN-debug] POST   /api/v1/executions        --> github.com/fengmingli/orchestrator/internal/api/handler.(*ExecutionHandler).CreateExecution-fm (6 handlers)
[GIN-debug] GET    /api/v1/executions        --> github.com/fengmingli/orchestrator/internal/api/handler.(*ExecutionHandler).ListExecutions-fm (6 handlers)
[GIN-debug] GET    /api/v1/executions/:id    --> github.com/fengmingli/orchestrator/internal/api/handler.(*ExecutionHandler).GetExecution-fm (6 handlers)
[GIN-debug] POST   /api/v1/executions/:id/start --> github.com/fengmingli/orchestrator/internal/api/handler.(*ExecutionHandler).StartExecution-fm (6 handlers)
[GIN-debug] POST   /api/v1/executions/:id/cancel --> github.com/fengmingli/orchestrator/internal/api/handler.(*ExecutionHandler).CancelExecution-fm (6 handlers)
[GIN-debug] GET    /api/v1/executions/:id/logs --> github.com/fengmingli/orchestrator/internal/api/handler.(*ExecutionHandler).GetExecutionLogs-fm (6 handlers)
[GIN-debug] GET    /api/v1/executions/:id/status --> github.com/fengmingli/orchestrator/internal/api/handler.(*ExecutionHandler).GetExecutionStatus-fm (6 handlers)
[GIN-debug] GET    /health                   --> github.com/fengmingli/orchestrator/internal/api.(*Server).setupRoutes.func1 (6 handlers)
2025/09/20 17:33:12 启动服务器在端口 8080
[GIN-debug] [WARNING] You trusted all proxies, this is NOT safe. We recommend you to set a value.
Please check https://pkg.go.dev/github.com/gin-gonic/gin#readme-don-t-trust-all-proxies for details.
[GIN-debug] Listening and serving HTTP on 0.0.0.0:8080
{"client_ip":"::1","error":"","latency":28750,"level":"info","method":"GET","msg":"API Request","path":"/health","protocol":"HTTP/1.1","status_code":200,"time":"2025-09-20T17:33:14+08:00","timestamp":"2025-09-20T17:33:14+08:00","user_agent":"curl/8.7.1"}
[GIN] 2025/09/20 - 17:33:14 | 200 |     115.667µs |             ::1 | GET      "/health"

2025/09/20 17:33:31 [32m/Users/lifengming/Work/CodeRepo/orchestrator/internal/service/step.go:74
[0m[33m[0.190ms] [34;1m[rows:1][0m SELECT count(*) FROM `steps`

2025/09/20 17:33:31 [32m/Users/lifengming/Work/CodeRepo/orchestrator/internal/service/step.go:80
[0m[33m[0.264ms] [34;1m[rows:8][0m SELECT * FROM `steps` ORDER BY created_at desc LIMIT 10
{"client_ip":"::1","error":"","latency":655042,"level":"info","method":"GET","msg":"API Request","path":"/api/v1/steps?page=1\u0026size=10\u0026name=\u0026executor_type=","protocol":"HTTP/1.1","status_code":200,"time":"2025-09-20T17:33:31+08:00","timestamp":"2025-09-20T17:33:31+08:00","user_agent":"Mozilla/5.0 (Macintosh; Intel Mac OS X 10_15_7) AppleWebKit/537.36 (KHTML, like Gecko) Chrome/139.0.0.0 Safari/537.36"}
[GIN] 2025/09/20 - 17:33:31 | 200 |     681.708µs |             ::1 | GET      "/api/v1/steps?page=1&size=10&name=&executor_type="

2025/09/20 17:33:38 [32m/Users/lifengming/Work/CodeRepo/orchestrator/internal/service/step.go:90
[0m[33m[0.315ms] [34;1m[rows:1][0m SELECT * FROM `steps` WHERE id = "1ac70a29-485c-4b4b-a8d1-317e98e27cf9" ORDER BY `steps`.`id` LIMIT 1
{"client_ip":"::1","error":"","latency":488542,"level":"info","method":"POST","msg":"API Request","path":"/api/v1/steps/1ac70a29-485c-4b4b-a8d1-317e98e27cf9/validate","protocol":"HTTP/1.1","status_code":200,"time":"2025-09-20T17:33:38+08:00","timestamp":"2025-09-20T17:33:38+08:00","user_agent":"Mozilla/5.0 (Macintosh; Intel Mac OS X 10_15_7) AppleWebKit/537.36 (KHTML, like Gecko) Chrome/139.0.0.0 Safari/537.36"}
[GIN] 2025/09/20 - 17:33:38 | 200 |     553.792µs |             ::1 | POST     "/api/v1/steps/1ac70a29-485c-4b4b-a8d1-317e98e27cf9/validate"

2025/09/20 17:33:39 [32m/Users/lifengming/Work/CodeRepo/orchestrator/internal/service/template.go:102
[0m[33m[0.163ms] [34;1m[rows:1][0m SELECT count(*) FROM `workflow_templates`

2025/09/20 17:33:39 [32m/Users/lifengming/Work/CodeRepo/orchestrator/internal/service/template.go:108
[0m[33m[0.211ms] [34;1m[rows:8][0m SELECT * FROM `steps` WHERE `steps`.`id` IN ("cc073548-49f0-423a-9ae5-e2ca7ce846f2","5a70c516-a5ff-4888-85d2-5912aba43936","e600cfc8-86a8-4110-b135-896d043f84aa","590c2be7-da95-4c79-85dc-d1151d0ee408","ee6671cf-ecaf-4aed-b912-3c555d741d8d","a2868ffc-964f-4817-9a91-b2f5a0becc53","af0c93f5-ab71-4c39-afdf-c468a4cda7d2","1ac70a29-485c-4b4b-a8d1-317e98e27cf9")

2025/09/20 17:33:39 [32m/Users/lifengming/Work/CodeRepo/orchestrator/internal/service/template.go:108
[0m[33m[0.504ms] [34;1m[rows:10][0m SELECT * FROM `workflow_template_steps` WHERE `workflow_template_steps`.`template_id` IN ("715b67f0-fa6a-4294-8fe6-88697f38b30f","48e9b7b9-ac32-4076-8483-623b41f64c32","02e1038e-42d6-463c-8277-5c4967c3fd84")

2025/09/20 17:33:39 [32m/Users/lifengming/Work/CodeRepo/orchestrator/internal/service/template.go:108
[0m[33m[0.826ms] [34;1m[rows:3][0m SELECT * FROM `workflow_templates` ORDER BY created_at desc LIMIT 10
{"client_ip":"::1","error":"","latency":1289750,"level":"info","method":"GET","msg":"API Request","path":"/api/v1/templates?page=1\u0026size=10\u0026name=","protocol":"HTTP/1.1","status_code":200,"time":"2025-09-20T17:33:39+08:00","timestamp":"2025-09-20T17:33:39+08:00","user_agent":"Mozilla/5.0 (Macintosh; Intel Mac OS X 10_15_7) AppleWebKit/537.36 (KHTML, like Gecko) Chrome/139.0.0.0 Safari/537.36"}
[GIN] 2025/09/20 - 17:33:39 | 200 |    1.369834ms |             ::1 | GET      "/api/v1/templates?page=1&size=10&name="

2025/09/20 17:33:42 [32m/Users/lifengming/Work/CodeRepo/orchestrator/internal/service/template.go:118
[0m[33m[0.255ms] [34;1m[rows:4][0m SELECT * FROM `steps` WHERE `steps`.`id` IN ("ee6671cf-ecaf-4aed-b912-3c555d741d8d","a2868ffc-964f-4817-9a91-b2f5a0becc53","af0c93f5-ab71-4c39-afdf-c468a4cda7d2","1ac70a29-485c-4b4b-a8d1-317e98e27cf9")

2025/09/20 17:33:42 [32m/Users/lifengming/Work/CodeRepo/orchestrator/internal/service/template.go:118
[0m[33m[0.514ms] [34;1m[rows:4][0m SELECT * FROM `workflow_template_steps` WHERE `workflow_template_steps`.`template_id` = "715b67f0-fa6a-4294-8fe6-88697f38b30f"

2025/09/20 17:33:42 [32m/Users/lifengming/Work/CodeRepo/orchestrator/internal/service/template.go:118
[0m[33m[0.932ms] [34;1m[rows:1][0m SELECT * FROM `workflow_templates` WHERE id = "715b67f0-fa6a-4294-8fe6-88697f38b30f" ORDER BY `workflow_templates`.`id` LIMIT 1
{"client_ip":"::1","error":"","latency":1186667,"level":"info","method":"GET","msg":"API Request","path":"/api/v1/templates/715b67f0-fa6a-4294-8fe6-88697f38b30f/dag","protocol":"HTTP/1.1","status_code":200,"time":"2025-09-20T17:33:42+08:00","timestamp":"2025-09-20T17:33:42+08:00","user_agent":"Mozilla/5.0 (Macintosh; Intel Mac OS X 10_15_7) AppleWebKit/537.36 (KHTML, like Gecko) Chrome/139.0.0.0 Safari/537.36"}
[GIN] 2025/09/20 - 17:33:42 | 200 |    1.231916ms |             ::1 | GET      "/api/v1/templates/715b67f0-fa6a-4294-8fe6-88697f38b30f/dag"

2025/09/20 17:33:45 [32m/Users/lifengming/Work/CodeRepo/orchestrator/internal/service/template.go:102
[0m[33m[0.172ms] [34;1m[rows:1][0m SELECT count(*) FROM `workflow_templates`

2025/09/20 17:33:45 [32m/Users/lifengming/Work/CodeRepo/orchestrator/internal/service/template.go:108
[0m[33m[0.179ms] [34;1m[rows:8][0m SELECT * FROM `steps` WHERE `steps`.`id` IN ("cc073548-49f0-423a-9ae5-e2ca7ce846f2","5a70c516-a5ff-4888-85d2-5912aba43936","e600cfc8-86a8-4110-b135-896d043f84aa","590c2be7-da95-4c79-85dc-d1151d0ee408","ee6671cf-ecaf-4aed-b912-3c555d741d8d","a2868ffc-964f-4817-9a91-b2f5a0becc53","af0c93f5-ab71-4c39-afdf-c468a4cda7d2","1ac70a29-485c-4b4b-a8d1-317e98e27cf9")

2025/09/20 17:33:45 [32m/Users/lifengming/Work/CodeRepo/orchestrator/internal/service/template.go:108
[0m[33m[0.459ms] [34;1m[rows:10][0m SELECT * FROM `workflow_template_steps` WHERE `workflow_template_steps`.`template_id` IN ("715b67f0-fa6a-4294-8fe6-88697f38b30f","48e9b7b9-ac32-4076-8483-623b41f64c32","02e1038e-42d6-463c-8277-5c4967c3fd84")

2025/09/20 17:33:45 [32m/Users/lifengming/Work/CodeRepo/orchestrator/internal/service/template.go:108
[0m[33m[0.697ms] [34;1m[rows:3][0m SELECT * FROM `workflow_templates` ORDER BY created_at desc LIMIT 10
{"client_ip":"::1","error":"","latency":1228708,"level":"info","method":"GET","msg":"API Request","path":"/api/v1/templates?page=1\u0026size=10\u0026name=","protocol":"HTTP/1.1","status_code":200,"time":"2025-09-20T17:33:45+08:00","timestamp":"2025-09-20T17:33:45+08:00","user_agent":"Mozilla/5.0 (Macintosh; Intel Mac OS X 10_15_7) AppleWebKit/537.36 (KHTML, like Gecko) Chrome/139.0.0.0 Safari/537.36"}
[GIN] 2025/09/20 - 17:33:45 | 200 |    1.321833ms |             ::1 | GET      "/api/v1/templates?page=1&size=10&name="

2025/09/20 17:33:45 [32m/Users/lifengming/Work/CodeRepo/orchestrator/internal/service/template.go:102
[0m[33m[0.173ms] [34;1m[rows:1][0m SELECT count(*) FROM `workflow_templates`

2025/09/20 17:33:45 [32m/Users/lifengming/Work/CodeRepo/orchestrator/internal/service/template.go:108
[0m[33m[0.156ms] [34;1m[rows:8][0m SELECT * FROM `steps` WHERE `steps`.`id` IN ("cc073548-49f0-423a-9ae5-e2ca7ce846f2","5a70c516-a5ff-4888-85d2-5912aba43936","e600cfc8-86a8-4110-b135-896d043f84aa","590c2be7-da95-4c79-85dc-d1151d0ee408","ee6671cf-ecaf-4aed-b912-3c555d741d8d","a2868ffc-964f-4817-9a91-b2f5a0becc53","af0c93f5-ab71-4c39-afdf-c468a4cda7d2","1ac70a29-485c-4b4b-a8d1-317e98e27cf9")

2025/09/20 17:33:45 [32m/Users/lifengming/Work/CodeRepo/orchestrator/internal/service/template.go:108
[0m[33m[0.351ms] [34;1m[rows:10][0m SELECT * FROM `workflow_template_steps` WHERE `workflow_template_steps`.`template_id` IN ("715b67f0-fa6a-4294-8fe6-88697f38b30f","48e9b7b9-ac32-4076-8483-623b41f64c32","02e1038e-42d6-463c-8277-5c4967c3fd84")

2025/09/20 17:33:45 [32m/Users/lifengming/Work/CodeRepo/orchestrator/internal/service/template.go:108
[0m[33m[0.558ms] [34;1m[rows:3][0m SELECT * FROM `workflow_templates` ORDER BY created_at desc LIMIT 10
{"client_ip":"::1","error":"","latency":942625,"level":"info","method":"GET","msg":"API Request","path":"/api/v1/templates?page=1\u0026size=10\u0026name=","protocol":"HTTP/1.1","status_code":200,"time":"2025-09-20T17:33:45+08:00","timestamp":"2025-09-20T17:33:45+08:00","user_agent":"Mozilla/5.0 (Macintosh; Intel Mac OS X 10_15_7) AppleWebKit/537.36 (KHTML, like Gecko) Chrome/139.0.0.0 Safari/537.36"}
[GIN] 2025/09/20 - 17:33:45 | 200 |     982.416µs |             ::1 | GET      "/api/v1/templates?page=1&size=10&name="

2025/09/20 17:33:49 [32m/Users/lifengming/Work/CodeRepo/orchestrator/internal/service/template.go:118
[0m[33m[1.225ms] [34;1m[rows:4][0m SELECT * FROM `steps` WHERE `steps`.`id` IN ("e600cfc8-86a8-4110-b135-896d043f84aa","590c2be7-da95-4c79-85dc-d1151d0ee408","5a70c516-a5ff-4888-85d2-5912aba43936","cc073548-49f0-423a-9ae5-e2ca7ce846f2")

2025/09/20 17:33:49 [32m/Users/lifengming/Work/CodeRepo/orchestrator/internal/service/template.go:118
[0m[33m[1.424ms] [34;1m[rows:4][0m SELECT * FROM `workflow_template_steps` WHERE `workflow_template_steps`.`template_id` = "48e9b7b9-ac32-4076-8483-623b41f64c32"

2025/09/20 17:33:49 [32m/Users/lifengming/Work/CodeRepo/orchestrator/internal/service/template.go:118
[0m[33m[1.694ms] [34;1m[rows:1][0m SELECT * FROM `workflow_templates` WHERE id = "48e9b7b9-ac32-4076-8483-623b41f64c32" ORDER BY `workflow_templates`.`id` LIMIT 1
{"client_ip":"::1","error":"","latency":1797084,"level":"info","method":"GET","msg":"API Request","path":"/api/v1/templates/48e9b7b9-ac32-4076-8483-623b41f64c32/dag","protocol":"HTTP/1.1","status_code":200,"time":"2025-09-20T17:33:49+08:00","timestamp":"2025-09-20T17:33:49+08:00","user_agent":"Mozilla/5.0 (Macintosh; Intel Mac OS X 10_15_7) AppleWebKit/537.36 (KHTML, like Gecko) Chrome/139.0.0.0 Safari/537.36"}
[GIN] 2025/09/20 - 17:33:49 | 200 |    1.846333ms |             ::1 | GET      "/api/v1/templates/48e9b7b9-ac32-4076-8483-623b41f64c32/dag"

2025/09/20 17:33:52 [32m/Users/lifengming/Work/CodeRepo/orchestrator/internal/service/template.go:118
[0m[33m[0.124ms] [34;1m[rows:4][0m SELECT * FROM `steps` WHERE `steps`.`id` IN ("ee6671cf-ecaf-4aed-b912-3c555d741d8d","a2868ffc-964f-4817-9a91-b2f5a0becc53","af0c93f5-ab71-4c39-afdf-c468a4cda7d2","1ac70a29-485c-4b4b-a8d1-317e98e27cf9")

2025/09/20 17:33:52 [32m/Users/lifengming/Work/CodeRepo/orchestrator/internal/service/template.go:118
[0m[33m[0.290ms] [34;1m[rows:4][0m SELECT * FROM `workflow_template_steps` WHERE `workflow_template_steps`.`template_id` = "715b67f0-fa6a-4294-8fe6-88697f38b30f"

2025/09/20 17:33:52 [32m/Users/lifengming/Work/CodeRepo/orchestrator/internal/service/template.go:118
[0m[33m[0.528ms] [34;1m[rows:1][0m SELECT * FROM `workflow_templates` WHERE id = "715b67f0-fa6a-4294-8fe6-88697f38b30f" ORDER BY `workflow_templates`.`id` LIMIT 1
{"client_ip":"::1","error":"","latency":651250,"level":"info","method":"GET","msg":"API Request","path":"/api/v1/templates/715b67f0-fa6a-4294-8fe6-88697f38b30f/dag","protocol":"HTTP/1.1","status_code":200,"time":"2025-09-20T17:33:52+08:00","timestamp":"2025-09-20T17:33:52+08:00","user_agent":"Mozilla/5.0 (Macintosh; Intel Mac OS X 10_15_7) AppleWebKit/537.36 (KHTML, like Gecko) Chrome/139.0.0.0 Safari/537.36"}
[GIN] 2025/09/20 - 17:33:52 | 200 |     691.167µs |             ::1 | GET      "/api/v1/templates/715b67f0-fa6a-4294-8fe6-88697f38b30f/dag"

2025/09/20 17:34:04 [32m/Users/lifengming/Work/CodeRepo/orchestrator/internal/service/template.go:169
[0m[33m[0.178ms] [34;1m[rows:1][0m SELECT count(*) FROM `workflow_executions` WHERE template_id = "02e1038e-42d6-463c-8277-5c4967c3fd84"

2025/09/20 17:34:04 [32m/Users/lifengming/Work/CodeRepo/orchestrator/internal/service/template.go:180
[0m[33m[0.410ms] [34;1m[rows:2][0m DELETE FROM `workflow_template_steps` WHERE template_id = "02e1038e-42d6-463c-8277-5c4967c3fd84"

2025/09/20 17:34:04 [32m/Users/lifengming/Work/CodeRepo/orchestrator/internal/service/template.go:186
[0m[33m[0.069ms] [34;1m[rows:1][0m DELETE FROM `workflow_templates` WHERE id = "02e1038e-42d6-463c-8277-5c4967c3fd84"
{"client_ip":"::1","error":"","latency":1720958,"level":"info","method":"DELETE","msg":"API Request","path":"/api/v1/templates/02e1038e-42d6-463c-8277-5c4967c3fd84","protocol":"HTTP/1.1","status_code":200,"time":"2025-09-20T17:34:04+08:00","timestamp":"2025-09-20T17:34:04+08:00","user_agent":"Mozilla/5.0 (Macintosh; Intel Mac OS X 10_15_7) AppleWebKit/537.36 (KHTML, like Gecko) Chrome/139.0.0.0 Safari/537.36"}
[GIN] 2025/09/20 - 17:34:04 | 200 |    1.775583ms |             ::1 | DELETE   "/api/v1/templates/02e1038e-42d6-463c-8277-5c4967c3fd84"

2025/09/20 17:34:04 [32m/Users/lifengming/Work/CodeRepo/orchestrator/internal/service/template.go:102
[0m[33m[0.187ms] [34;1m[rows:1][0m SELECT count(*) FROM `workflow_templates`

2025/09/20 17:34:04 [32m/Users/lifengming/Work/CodeRepo/orchestrator/internal/service/template.go:108
[0m[33m[0.209ms] [34;1m[rows:8][0m SELECT * FROM `steps` WHERE `steps`.`id` IN ("e600cfc8-86a8-4110-b135-896d043f84aa","590c2be7-da95-4c79-85dc-d1151d0ee408","5a70c516-a5ff-4888-85d2-5912aba43936","cc073548-49f0-423a-9ae5-e2ca7ce846f2","ee6671cf-ecaf-4aed-b912-3c555d741d8d","a2868ffc-964f-4817-9a91-b2f5a0becc53","af0c93f5-ab71-4c39-afdf-c468a4cda7d2","1ac70a29-485c-4b4b-a8d1-317e98e27cf9")

2025/09/20 17:34:04 [32m/Users/lifengming/Work/CodeRepo/orchestrator/internal/service/template.go:108
[0m[33m[0.464ms] [34;1m[rows:8][0m SELECT * FROM `workflow_template_steps` WHERE `workflow_template_steps`.`template_id` IN ("715b67f0-fa6a-4294-8fe6-88697f38b30f","48e9b7b9-ac32-4076-8483-623b41f64c32")

2025/09/20 17:34:04 [32m/Users/lifengming/Work/CodeRepo/orchestrator/internal/service/template.go:108
[0m[33m[0.847ms] [34;1m[rows:2][0m SELECT * FROM `workflow_templates` ORDER BY created_at desc LIMIT 10
{"client_ip":"::1","error":"","latency":1249417,"level":"info","method":"GET","msg":"API Request","path":"/api/v1/templates?page=1\u0026size=10\u0026name=","protocol":"HTTP/1.1","status_code":200,"time":"2025-09-20T17:34:04+08:00","timestamp":"2025-09-20T17:34:04+08:00","user_agent":"Mozilla/5.0 (Macintosh; Intel Mac OS X 10_15_7) AppleWebKit/537.36 (KHTML, like Gecko) Chrome/139.0.0.0 Safari/537.36"}
[GIN] 2025/09/20 - 17:34:04 | 200 |    1.292667ms |             ::1 | GET      "/api/v1/templates?page=1&size=10&name="

2025/09/20 17:34:05 [32m/Users/lifengming/Work/CodeRepo/orchestrator/internal/service/template.go:102
[0m[33m[0.223ms] [34;1m[rows:1][0m SELECT count(*) FROM `workflow_templates`

2025/09/20 17:34:05 [32m/Users/lifengming/Work/CodeRepo/orchestrator/internal/service/template.go:108
[0m[33m[0.171ms] [34;1m[rows:8][0m SELECT * FROM `steps` WHERE `steps`.`id` IN ("e600cfc8-86a8-4110-b135-896d043f84aa","590c2be7-da95-4c79-85dc-d1151d0ee408","5a70c516-a5ff-4888-85d2-5912aba43936","cc073548-49f0-423a-9ae5-e2ca7ce846f2","ee6671cf-ecaf-4aed-b912-3c555d741d8d","a2868ffc-964f-4817-9a91-b2f5a0becc53","af0c93f5-ab71-4c39-afdf-c468a4cda7d2","1ac70a29-485c-4b4b-a8d1-317e98e27cf9")

2025/09/20 17:34:05 [32m/Users/lifengming/Work/CodeRepo/orchestrator/internal/service/template.go:108
[0m[33m[0.349ms] [34;1m[rows:8][0m SELECT * FROM `workflow_template_steps` WHERE `workflow_template_steps`.`template_id` IN ("715b67f0-fa6a-4294-8fe6-88697f38b30f","48e9b7b9-ac32-4076-8483-623b41f64c32")

2025/09/20 17:34:05 [32m/Users/lifengming/Work/CodeRepo/orchestrator/internal/service/template.go:108
[0m[33m[0.550ms] [34;1m[rows:2][0m SELECT * FROM `workflow_templates` ORDER BY created_at desc LIMIT 10
{"client_ip":"::1","error":"","latency":1010250,"level":"info","method":"GET","msg":"API Request","path":"/api/v1/templates?page=1\u0026size=10\u0026name=","protocol":"HTTP/1.1","status_code":200,"time":"2025-09-20T17:34:05+08:00","timestamp":"2025-09-20T17:34:05+08:00","user_agent":"Mozilla/5.0 (Macintosh; Intel Mac OS X 10_15_7) AppleWebKit/537.36 (KHTML, like Gecko) Chrome/139.0.0.0 Safari/537.36"}
[GIN] 2025/09/20 - 17:34:05 | 200 |    1.046125ms |             ::1 | GET      "/api/v1/templates?page=1&size=10&name="

2025/09/20 17:34:07 [32m/Users/lifengming/Work/CodeRepo/orchestrator/internal/service/template.go:102
[0m[33m[0.197ms] [34;1m[rows:1][0m SELECT count(*) FROM `workflow_templates`

2025/09/20 17:34:07 [32m/Users/lifengming/Work/CodeRepo/orchestrator/internal/service/execution.go:81
[0m[33m[0.163ms] [34;1m[rows:1][0m SELECT count(*) FROM `workflow_executions`

2025/09/20 17:34:07 [32m/Users/lifengming/Work/CodeRepo/orchestrator/internal/service/execution.go:87
[0m[33m[0.555ms] [34;1m[rows:1][0m SELECT e.id, e.template_id, t.name as template_name, e.status, 
				e.started_at, e.finished_at, e.duration, e.created_by, e.created_at,
				COUNT(se.id) as total_steps,
				SUM(CASE WHEN se.status = 'success' THEN 1 ELSE 0 END) as success_steps,
				SUM(CASE WHEN se.status = 'failed' THEN 1 ELSE 0 END) as failed_steps FROM workflow_executions e LEFT JOIN workflow_templates t ON e.template_id = t.id LEFT JOIN workflow_step_executions se ON e.id = se.execution_id GROUP BY `e`.`id` ORDER BY e.created_at desc LIMIT 10
{"client_ip":"::1","error":"","latency":966833,"level":"info","method":"GET","msg":"API Request","path":"/api/v1/executions?page=1\u0026size=10\u0026template_id=\u0026status=","protocol":"HTTP/1.1","status_code":200,"time":"2025-09-20T17:34:07+08:00","timestamp":"2025-09-20T17:34:07+08:00","user_agent":"Mozilla/5.0 (Macintosh; Intel Mac OS X 10_15_7) AppleWebKit/537.36 (KHTML, like Gecko) Chrome/139.0.0.0 Safari/537.36"}
[GIN] 2025/09/20 - 17:34:07 | 200 |    1.007209ms |             ::1 | GET      "/api/v1/executions?page=1&size=10&template_id=&status="

2025/09/20 17:34:07 [32m/Users/lifengming/Work/CodeRepo/orchestrator/internal/service/template.go:108
[0m[33m[0.225ms] [34;1m[rows:8][0m SELECT * FROM `steps` WHERE `steps`.`id` IN ("e600cfc8-86a8-4110-b135-896d043f84aa","590c2be7-da95-4c79-85dc-d1151d0ee408","5a70c516-a5ff-4888-85d2-5912aba43936","cc073548-49f0-423a-9ae5-e2ca7ce846f2","ee6671cf-ecaf-4aed-b912-3c555d741d8d","a2868ffc-964f-4817-9a91-b2f5a0becc53","af0c93f5-ab71-4c39-afdf-c468a4cda7d2","1ac70a29-485c-4b4b-a8d1-317e98e27cf9")

2025/09/20 17:34:07 [32m/Users/lifengming/Work/CodeRepo/orchestrator/internal/service/template.go:108
[0m[33m[0.473ms] [34;1m[rows:8][0m SELECT * FROM `workflow_template_steps` WHERE `workflow_template_steps`.`template_id` IN ("715b67f0-fa6a-4294-8fe6-88697f38b30f","48e9b7b9-ac32-4076-8483-623b41f64c32")

2025/09/20 17:34:07 [32m/Users/lifengming/Work/CodeRepo/orchestrator/internal/service/template.go:108
[0m[33m[1.401ms] [34;1m[rows:2][0m SELECT * FROM `workflow_templates` ORDER BY created_at desc LIMIT 1000
{"client_ip":"::1","error":"","latency":1821791,"level":"info","method":"GET","msg":"API Request","path":"/api/v1/templates?size=1000","protocol":"HTTP/1.1","status_code":200,"time":"2025-09-20T17:34:07+08:00","timestamp":"2025-09-20T17:34:07+08:00","user_agent":"Mozilla/5.0 (Macintosh; Intel Mac OS X 10_15_7) AppleWebKit/537.36 (KHTML, like Gecko) Chrome/139.0.0.0 Safari/537.36"}
[GIN] 2025/09/20 - 17:34:07 | 200 |     1.86275ms |             ::1 | GET      "/api/v1/templates?size=1000"

2025/09/20 17:34:09 [32m/Users/lifengming/Work/CodeRepo/orchestrator/internal/service/execution.go:81
[0m[33m[0.163ms] [34;1m[rows:1][0m SELECT count(*) FROM `workflow_executions`

2025/09/20 17:34:09 [32m/Users/lifengming/Work/CodeRepo/orchestrator/internal/service/execution.go:87
[0m[33m[0.292ms] [34;1m[rows:1][0m SELECT e.id, e.template_id, t.name as template_name, e.status, 
				e.started_at, e.finished_at, e.duration, e.created_by, e.created_at,
				COUNT(se.id) as total_steps,
				SUM(CASE WHEN se.status = 'success' THEN 1 ELSE 0 END) as success_steps,
				SUM(CASE WHEN se.status = 'failed' THEN 1 ELSE 0 END) as failed_steps FROM workflow_executions e LEFT JOIN workflow_templates t ON e.template_id = t.id LEFT JOIN workflow_step_executions se ON e.id = se.execution_id GROUP BY `e`.`id` ORDER BY e.created_at desc LIMIT 10
{"client_ip":"::1","error":"","latency":1275000,"level":"info","method":"GET","msg":"API Request","path":"/api/v1/executions?page=1\u0026size=10\u0026template_id=\u0026status=","protocol":"HTTP/1.1","status_code":200,"time":"2025-09-20T17:34:09+08:00","timestamp":"2025-09-20T17:34:09+08:00","user_agent":"Mozilla/5.0 (Macintosh; Intel Mac OS X 10_15_7) AppleWebKit/537.36 (KHTML, like Gecko) Chrome/139.0.0.0 Safari/537.36"}
[GIN] 2025/09/20 - 17:34:09 | 200 |    1.392125ms |             ::1 | GET      "/api/v1/executions?page=1&size=10&template_id=&status="
{"client_ip":"::1","error":"","latency":20417,"level":"info","method":"POST","msg":"API Request","path":"/api/v1/executions/8c2c6d4a-3a4b-451b-8f7f-1329d276c118/start","protocol":"HTTP/1.1","status_code":200,"time":"2025-09-20T17:34:11+08:00","timestamp":"2025-09-20T17:34:11+08:00","user_agent":"Mozilla/5.0 (Macintosh; Intel Mac OS X 10_15_7) AppleWebKit/537.36 (KHTML, like Gecko) Chrome/139.0.0.0 Safari/537.36"}
[GIN] 2025/09/20 - 17:34:11 | 200 |     138.625µs |             ::1 | POST     "/api/v1/executions/8c2c6d4a-3a4b-451b-8f7f-1329d276c118/start"
time="2025-09-20T17:34:11+08:00" level=info msg="开始执行工作流" execution_id=8c2c6d4a-3a4b-451b-8f7f-1329d276c118

2025/09/20 17:34:11 [32m/Users/lifengming/Work/CodeRepo/orchestrator/internal/service/execution.go:97
[0m[33m[0.410ms] [34;1m[rows:4][0m SELECT * FROM `steps` WHERE `steps`.`id` IN ("e600cfc8-86a8-4110-b135-896d043f84aa","590c2be7-da95-4c79-85dc-d1151d0ee408","5a70c516-a5ff-4888-85d2-5912aba43936","cc073548-49f0-423a-9ae5-e2ca7ce846f2")

2025/09/20 17:34:11 [32m/Users/lifengming/Work/CodeRepo/orchestrator/internal/service/execution.go:97
[0m[33m[0.915ms] [34;1m[rows:4][0m SELECT * FROM `workflow_step_executions` WHERE `workflow_step_executions`.`execution_id` = "8c2c6d4a-3a4b-451b-8f7f-1329d276c118"

2025/09/20 17:34:11 [32m/Users/lifengming/Work/CodeRepo/orchestrator/internal/service/execution.go:97
[0m[33m[0.180ms] [34;1m[rows:1][0m SELECT * FROM `workflow_templates` WHERE `workflow_templates`.`id` = "48e9b7b9-ac32-4076-8483-623b41f64c32"

2025/09/20 17:34:11 [32m/Users/lifengming/Work/CodeRepo/orchestrator/internal/service/execution.go:97
[0m[33m[1.847ms] [34;1m[rows:1][0m SELECT * FROM `workflow_executions` WHERE id = "8c2c6d4a-3a4b-451b-8f7f-1329d276c118" ORDER BY `workflow_executions`.`id` LIMIT 1

2025/09/20 17:34:11 [32m/Users/lifengming/Work/CodeRepo/orchestrator/internal/service/execution.go:129
[0m[33m[1.024ms] [34;1m[rows:1][0m UPDATE `workflow_executions` SET `started_at`="2025-09-20 17:34:11.955",`status`="running",`updated_at`="2025-09-20 17:34:11.955" WHERE id = "8c2c6d4a-3a4b-451b-8f7f-1329d276c118"

2025/09/20 17:34:11 [32m/Users/lifengming/Work/CodeRepo/orchestrator/internal/service/orchestrator_service.go:115
[0m[33m[0.120ms] [34;1m[rows:4][0m SELECT * FROM `steps` WHERE `steps`.`id` IN ("e600cfc8-86a8-4110-b135-896d043f84aa","590c2be7-da95-4c79-85dc-d1151d0ee408","5a70c516-a5ff-4888-85d2-5912aba43936","cc073548-49f0-423a-9ae5-e2ca7ce846f2")

2025/09/20 17:34:11 [32m/Users/lifengming/Work/CodeRepo/orchestrator/internal/service/orchestrator_service.go:115
[0m[33m[0.299ms] [34;1m[rows:4][0m SELECT * FROM `workflow_template_steps` WHERE template_id = "48e9b7b9-ac32-4076-8483-623b41f64c32" ORDER BY "order" asc
time="2025-09-20T17:34:11+08:00" level=info msg="开始执行任务编排" task_count=4
time="2025-09-20T17:34:11+08:00" level=info msg="开始执行DAG调度"

2025/09/20 17:34:11 [32m/Users/lifengming/Work/CodeRepo/orchestrator/internal/service/execution.go:164
[0m[33m[0.648ms] [34;1m[rows:1][0m UPDATE `workflow_step_executions` SET `started_at`="2025-09-20 17:34:11.957",`status`="running",`updated_at`="2025-09-20 17:34:11.957" WHERE execution_id = "8c2c6d4a-3a4b-451b-8f7f-1329d276c118" AND step_id = "e600cfc8-86a8-4110-b135-896d043f84aa"
time="2025-09-20T17:34:11+08:00" level=info msg="步骤开始执行" execution_id=8c2c6d4a-3a4b-451b-8f7f-1329d276c118 step_id=e600cfc8-86a8-4110-b135-896d043f84aa

2025/09/20 17:34:11 [32m/Users/lifengming/Work/CodeRepo/orchestrator/internal/service/execution.go:81
[0m[33m[0.091ms] [34;1m[rows:1][0m SELECT count(*) FROM `workflow_executions`

2025/09/20 17:34:11 [32m/Users/lifengming/Work/CodeRepo/orchestrator/internal/service/execution.go:87
[0m[33m[0.151ms] [34;1m[rows:1][0m SELECT e.id, e.template_id, t.name as template_name, e.status, 
				e.started_at, e.finished_at, e.duration, e.created_by, e.created_at,
				COUNT(se.id) as total_steps,
				SUM(CASE WHEN se.status = 'success' THEN 1 ELSE 0 END) as success_steps,
				SUM(CASE WHEN se.status = 'failed' THEN 1 ELSE 0 END) as failed_steps FROM workflow_executions e LEFT JOIN workflow_templates t ON e.template_id = t.id LEFT JOIN workflow_step_executions se ON e.id = se.execution_id GROUP BY `e`.`id` ORDER BY e.created_at desc LIMIT 10
{"client_ip":"::1","error":"","latency":340917,"level":"info","method":"GET","msg":"API Request","path":"/api/v1/executions?page=1\u0026size=10\u0026template_id=\u0026status=","protocol":"HTTP/1.1","status_code":200,"time":"2025-09-20T17:34:11+08:00","timestamp":"2025-09-20T17:34:11+08:00","user_agent":"Mozilla/5.0 (Macintosh; Intel Mac OS X 10_15_7) AppleWebKit/537.36 (KHTML, like Gecko) Chrome/139.0.0.0 Safari/537.36"}
[GIN] 2025/09/20 - 17:34:11 | 200 |     377.459µs |             ::1 | GET      "/api/v1/executions?page=1&size=10&template_id=&status="
time="2025-09-20T17:34:14+08:00" level=info msg="步骤执行成功" duration=2.993324292s execution_id=8c2c6d4a-3a4b-451b-8f7f-1329d276c118 step_id=e600cfc8-86a8-4110-b135-896d043f84aa

2025/09/20 17:34:14 [32m/Users/lifengming/Work/CodeRepo/orchestrator/internal/service/execution.go:155
[0m[33m[0.555ms] [34;1m[rows:1][0m SELECT * FROM `workflow_step_executions` WHERE execution_id = "8c2c6d4a-3a4b-451b-8f7f-1329d276c118" AND step_id = "e600cfc8-86a8-4110-b135-896d043f84aa" ORDER BY `workflow_step_executions`.`id` LIMIT 1

2025/09/20 17:34:14 [32m/Users/lifengming/Work/CodeRepo/orchestrator/internal/service/execution.go:164
[0m[33m[2.046ms] [34;1m[rows:1][0m UPDATE `workflow_step_executions` SET `duration`=2994,`finished_at`="2025-09-20 17:34:14.951",`output`="{""body"":""{\n  \""args\"": {}, \n  \""headers\"": {\n    \""Accept-Encoding\"": \""gzip\"", \n    \""Host\"": \""httpbin.org\"", \n    \""User-Agent\"": \""Go-http-client/2.0\"", \n    \""X-Amzn-Trace-Id\"": \""Root=1-68ce7515-6e1dec0924ec222f2da08ba8\""\n  }, \n  \""origin\"": \""101.68.35.199\"", \n  \""url\"": \""https://httpbin.org/get\""\n}\n"",""headers"":{""Access-Control-Allow-Credentials"":[""true""],""Access-Control-Allow-Origin"":[""*""],""Content-Length"":[""272""],""Content-Type"":[""application/json""],""Date"":[""Sat, 20 Sep 2025 09:34:14 GMT""],""Server"":[""gunicorn/19.9.0""]},""status_code"":200}",`status`="success",`updated_at`="2025-09-20 17:34:14.952" WHERE execution_id = "8c2c6d4a-3a4b-451b-8f7f-1329d276c118" AND step_id = "e600cfc8-86a8-4110-b135-896d043f84aa"
time="2025-09-20T17:34:14+08:00" level=info msg="任务单:e600cfc8-86a8-4110-b135-896d043f84aa 步骤:test_step-name_123 执行完成，开始时间：17:34:11.957 结束时间：17:34:14.954 耗时: 2.99731075s"

2025/09/20 17:34:14 [32m/Users/lifengming/Work/CodeRepo/orchestrator/internal/service/execution.go:164
[0m[33m[0.989ms] [34;1m[rows:1][0m UPDATE `workflow_step_executions` SET `started_at`="2025-09-20 17:34:14.954",`status`="running",`updated_at`="2025-09-20 17:34:14.954" WHERE execution_id = "8c2c6d4a-3a4b-451b-8f7f-1329d276c118" AND step_id = "5a70c516-a5ff-4888-85d2-5912aba43936"
time="2025-09-20T17:34:14+08:00" level=info msg="步骤开始执行" execution_id=8c2c6d4a-3a4b-451b-8f7f-1329d276c118 step_id=5a70c516-a5ff-4888-85d2-5912aba43936

2025/09/20 17:34:14 [32m/Users/lifengming/Work/CodeRepo/orchestrator/internal/service/execution.go:164
[0m[33m[2.148ms] [34;1m[rows:1][0m UPDATE `workflow_step_executions` SET `started_at`="2025-09-20 17:34:14.954",`status`="running",`updated_at`="2025-09-20 17:34:14.954" WHERE execution_id = "8c2c6d4a-3a4b-451b-8f7f-1329d276c118" AND step_id = "590c2be7-da95-4c79-85dc-d1151d0ee408"
time="2025-09-20T17:34:14+08:00" level=info msg="步骤开始执行" execution_id=8c2c6d4a-3a4b-451b-8f7f-1329d276c118 step_id=590c2be7-da95-4c79-85dc-d1151d0ee408
time="2025-09-20T17:34:14+08:00" level=info msg="步骤执行成功" duration=12.277708ms execution_id=8c2c6d4a-3a4b-451b-8f7f-1329d276c118 step_id=590c2be7-da95-4c79-85dc-d1151d0ee408

2025/09/20 17:34:14 [32m/Users/lifengming/Work/CodeRepo/orchestrator/internal/service/execution.go:155
[0m[33m[0.496ms] [34;1m[rows:1][0m SELECT * FROM `workflow_step_executions` WHERE execution_id = "8c2c6d4a-3a4b-451b-8f7f-1329d276c118" AND step_id = "590c2be7-da95-4c79-85dc-d1151d0ee408" ORDER BY `workflow_step_executions`.`id` LIMIT 1

2025/09/20 17:34:14 [32m/Users/lifengming/Work/CodeRepo/orchestrator/internal/service/execution.go:164
[0m[33m[0.736ms] [34;1m[rows:1][0m UPDATE `workflow_step_executions` SET `duration`=14,`finished_at`="2025-09-20 17:34:14.969",`output`="Hello World
",`status`="success",`updated_at`="2025-09-20 17:34:14.97" WHERE execution_id = "8c2c6d4a-3a4b-451b-8f7f-1329d276c118" AND step_id = "590c2be7-da95-4c79-85dc-d1151d0ee408"
time="2025-09-20T17:34:14+08:00" level=info msg="任务单:590c2be7-da95-4c79-85dc-d1151d0ee408 步骤:test_step_name-123 执行完成，开始时间：17:34:14.954 结束时间：17:34:14.970 耗时: 16.150083ms"
time="2025-09-20T17:34:15+08:00" level=info msg="步骤执行成功" duration=342.795375ms execution_id=8c2c6d4a-3a4b-451b-8f7f-1329d276c118 step_id=5a70c516-a5ff-4888-85d2-5912aba43936

2025/09/20 17:34:15 [32m/Users/lifengming/Work/CodeRepo/orchestrator/internal/service/execution.go:155
[0m[33m[0.554ms] [34;1m[rows:1][0m SELECT * FROM `workflow_step_executions` WHERE execution_id = "8c2c6d4a-3a4b-451b-8f7f-1329d276c118" AND step_id = "5a70c516-a5ff-4888-85d2-5912aba43936" ORDER BY `workflow_step_executions`.`id` LIMIT 1

2025/09/20 17:34:15 [32m/Users/lifengming/Work/CodeRepo/orchestrator/internal/service/execution.go:164
[0m[33m[1.686ms] [34;1m[rows:1][0m UPDATE `workflow_step_executions` SET `duration`=343,`finished_at`="2025-09-20 17:34:15.298",`output`="{""body"":""{\n  \""slideshow\"": {\n    \""author\"": \""Yours Truly\"", \n    \""date\"": \""date of publication\"", \n    \""slides\"": [\n      {\n        \""title\"": \""Wake up to WonderWidgets!\"", \n        \""type\"": \""all\""\n      }, \n      {\n        \""items\"": [\n          \""Why \u003cem\u003eWonderWidgets\u003c/em\u003e are great\"", \n          \""Who \u003cem\u003ebuys\u003c/em\u003e WonderWidgets\""\n        ], \n        \""title\"": \""Overview\"", \n        \""type\"": \""all\""\n      }\n    ], \n    \""title\"": \""Sample Slide Show\""\n  }\n}\n"",""headers"":{""Access-Control-Allow-Credentials"":[""true""],""Access-Control-Allow-Origin"":[""*""],""Content-Length"":[""429""],""Content-Type"":[""application/json""],""Date"":[""Sat, 20 Sep 2025 09:34:15 GMT""],""Server"":[""gunicorn/19.9.0""]},""status_code"":200}",`status`="success",`updated_at`="2025-09-20 17:34:15.299" WHERE execution_id = "8c2c6d4a-3a4b-451b-8f7f-1329d276c118" AND step_id = "5a70c516-a5ff-4888-85d2-5912aba43936"
time="2025-09-20T17:34:15+08:00" level=info msg="任务单:5a70c516-a5ff-4888-85d2-5912aba43936 步骤:测试HTTP步骤 执行完成，开始时间：17:34:14.954 结束时间：17:34:15.301 耗时: 346.639291ms"

2025/09/20 17:34:15 [32m/Users/lifengming/Work/CodeRepo/orchestrator/internal/service/execution.go:164
[0m[33m[0.893ms] [34;1m[rows:1][0m UPDATE `workflow_step_executions` SET `started_at`="2025-09-20 17:34:15.301",`status`="running",`updated_at`="2025-09-20 17:34:15.301" WHERE execution_id = "8c2c6d4a-3a4b-451b-8f7f-1329d276c118" AND step_id = "cc073548-49f0-423a-9ae5-e2ca7ce846f2"
time="2025-09-20T17:34:15+08:00" level=info msg="步骤开始执行" execution_id=8c2c6d4a-3a4b-451b-8f7f-1329d276c118 step_id=cc073548-49f0-423a-9ae5-e2ca7ce846f2
time="2025-09-20T17:34:15+08:00" level=info msg="步骤执行成功" duration=11.083458ms execution_id=8c2c6d4a-3a4b-451b-8f7f-1329d276c118 step_id=cc073548-49f0-423a-9ae5-e2ca7ce846f2

2025/09/20 17:34:15 [32m/Users/lifengming/Work/CodeRepo/orchestrator/internal/service/execution.go:155
[0m[33m[0.367ms] [34;1m[rows:1][0m SELECT * FROM `workflow_step_executions` WHERE execution_id = "8c2c6d4a-3a4b-451b-8f7f-1329d276c118" AND step_id = "cc073548-49f0-423a-9ae5-e2ca7ce846f2" ORDER BY `workflow_step_executions`.`id` LIMIT 1

2025/09/20 17:34:15 [32m/Users/lifengming/Work/CodeRepo/orchestrator/internal/service/execution.go:164
[0m[33m[0.773ms] [34;1m[rows:1][0m UPDATE `workflow_step_executions` SET `duration`=12,`finished_at`="2025-09-20 17:34:15.313",`output`="Hello World
",`status`="success",`updated_at`="2025-09-20 17:34:15.314" WHERE execution_id = "8c2c6d4a-3a4b-451b-8f7f-1329d276c118" AND step_id = "cc073548-49f0-423a-9ae5-e2ca7ce846f2"
time="2025-09-20T17:34:15+08:00" level=info msg="任务单:cc073548-49f0-423a-9ae5-e2ca7ce846f2 步骤:测试Shell步骤 执行完成，开始时间：17:34:15.301 结束时间：17:34:15.314 耗时: 13.463958ms"
time="2025-09-20T17:34:15+08:00" level=info msg="任务编排执行完成" duration=3.357847833s

2025/09/20 17:34:15 [32m/Users/lifengming/Work/CodeRepo/orchestrator/internal/service/execution.go:97
[0m[33m[0.137ms] [34;1m[rows:4][0m SELECT * FROM `steps` WHERE `steps`.`id` IN ("e600cfc8-86a8-4110-b135-896d043f84aa","590c2be7-da95-4c79-85dc-d1151d0ee408","5a70c516-a5ff-4888-85d2-5912aba43936","cc073548-49f0-423a-9ae5-e2ca7ce846f2")

2025/09/20 17:34:15 [32m/Users/lifengming/Work/CodeRepo/orchestrator/internal/service/execution.go:97
[0m[33m[0.304ms] [34;1m[rows:4][0m SELECT * FROM `workflow_step_executions` WHERE `workflow_step_executions`.`execution_id` = "8c2c6d4a-3a4b-451b-8f7f-1329d276c118"

2025/09/20 17:34:15 [32m/Users/lifengming/Work/CodeRepo/orchestrator/internal/service/execution.go:97
[0m[33m[0.046ms] [34;1m[rows:1][0m SELECT * FROM `workflow_templates` WHERE `workflow_templates`.`id` = "48e9b7b9-ac32-4076-8483-623b41f64c32"

2025/09/20 17:34:15 [32m/Users/lifengming/Work/CodeRepo/orchestrator/internal/service/execution.go:97
[0m[33m[0.558ms] [34;1m[rows:1][0m SELECT * FROM `workflow_executions` WHERE id = "8c2c6d4a-3a4b-451b-8f7f-1329d276c118" ORDER BY `workflow_executions`.`id` LIMIT 1

2025/09/20 17:34:15 [32m/Users/lifengming/Work/CodeRepo/orchestrator/internal/service/execution.go:129
[0m[33m[0.407ms] [34;1m[rows:1][0m UPDATE `workflow_executions` SET `duration`=3359,`finished_at`="2025-09-20 17:34:15.315",`status`="success",`updated_at`="2025-09-20 17:34:15.315" WHERE id = "8c2c6d4a-3a4b-451b-8f7f-1329d276c118"
time="2025-09-20T17:34:15+08:00" level=info msg="工作流执行完成" duration=3.357847833s execution_id=8c2c6d4a-3a4b-451b-8f7f-1329d276c118 status=success

2025/09/20 17:34:15 [32m/Users/lifengming/Work/CodeRepo/orchestrator/internal/service/execution.go:81
[0m[33m[0.315ms] [34;1m[rows:1][0m SELECT count(*) FROM `workflow_executions`

2025/09/20 17:34:15 [32m/Users/lifengming/Work/CodeRepo/orchestrator/internal/service/execution.go:87
[0m[33m[0.332ms] [34;1m[rows:1][0m SELECT e.id, e.template_id, t.name as template_name, e.status, 
				e.started_at, e.finished_at, e.duration, e.created_by, e.created_at,
				COUNT(se.id) as total_steps,
				SUM(CASE WHEN se.status = 'success' THEN 1 ELSE 0 END) as success_steps,
				SUM(CASE WHEN se.status = 'failed' THEN 1 ELSE 0 END) as failed_steps FROM workflow_executions e LEFT JOIN workflow_templates t ON e.template_id = t.id LEFT JOIN workflow_step_executions se ON e.id = se.execution_id GROUP BY `e`.`id` ORDER BY e.created_at desc LIMIT 10
{"client_ip":"::1","error":"","latency":944875,"level":"info","method":"GET","msg":"API Request","path":"/api/v1/executions?page=1\u0026size=10\u0026template_id=\u0026status=","protocol":"HTTP/1.1","status_code":200,"time":"2025-09-20T17:34:15+08:00","timestamp":"2025-09-20T17:34:15+08:00","user_agent":"Mozilla/5.0 (Macintosh; Intel Mac OS X 10_15_7) AppleWebKit/537.36 (KHTML, like Gecko) Chrome/139.0.0.0 Safari/537.36"}
[GIN] 2025/09/20 - 17:34:15 | 200 |     999.792µs |             ::1 | GET      "/api/v1/executions?page=1&size=10&template_id=&status="

2025/09/20 17:34:21 [32m/Users/lifengming/Work/CodeRepo/orchestrator/internal/service/template.go:102
[0m[33m[0.159ms] [34;1m[rows:1][0m SELECT count(*) FROM `workflow_templates`

2025/09/20 17:34:21 [32m/Users/lifengming/Work/CodeRepo/orchestrator/internal/service/template.go:108
[0m[33m[0.157ms] [34;1m[rows:8][0m SELECT * FROM `steps` WHERE `steps`.`id` IN ("e600cfc8-86a8-4110-b135-896d043f84aa","590c2be7-da95-4c79-85dc-d1151d0ee408","5a70c516-a5ff-4888-85d2-5912aba43936","cc073548-49f0-423a-9ae5-e2ca7ce846f2","ee6671cf-ecaf-4aed-b912-3c555d741d8d","a2868ffc-964f-4817-9a91-b2f5a0becc53","af0c93f5-ab71-4c39-afdf-c468a4cda7d2","1ac70a29-485c-4b4b-a8d1-317e98e27cf9")

2025/09/20 17:34:21 [32m/Users/lifengming/Work/CodeRepo/orchestrator/internal/service/template.go:108
[0m[33m[0.307ms] [34;1m[rows:8][0m SELECT * FROM `workflow_template_steps` WHERE `workflow_template_steps`.`template_id` IN ("715b67f0-fa6a-4294-8fe6-88697f38b30f","48e9b7b9-ac32-4076-8483-623b41f64c32")

2025/09/20 17:34:21 [32m/Users/lifengming/Work/CodeRepo/orchestrator/internal/service/template.go:108
[0m[33m[0.481ms] [34;1m[rows:2][0m SELECT * FROM `workflow_templates` ORDER BY created_at desc LIMIT 10
{"client_ip":"::1","error":"","latency":868208,"level":"info","method":"GET","msg":"API Request","path":"/api/v1/templates?page=1\u0026size=10\u0026name=","protocol":"HTTP/1.1","status_code":200,"time":"2025-09-20T17:34:21+08:00","timestamp":"2025-09-20T17:34:21+08:00","user_agent":"Mozilla/5.0 (Macintosh; Intel Mac OS X 10_15_7) AppleWebKit/537.36 (KHTML, like Gecko) Chrome/139.0.0.0 Safari/537.36"}
[GIN] 2025/09/20 - 17:34:21 | 200 |     907.292µs |             ::1 | GET      "/api/v1/templates?page=1&size=10&name="

2025/09/20 17:34:22 [32m/Users/lifengming/Work/CodeRepo/orchestrator/internal/service/template.go:102
[0m[33m[0.199ms] [34;1m[rows:1][0m SELECT count(*) FROM `workflow_templates`

2025/09/20 17:34:22 [32m/Users/lifengming/Work/CodeRepo/orchestrator/internal/service/execution.go:81
[0m[33m[0.180ms] [34;1m[rows:1][0m SELECT count(*) FROM `workflow_executions`

2025/09/20 17:34:22 [32m/Users/lifengming/Work/CodeRepo/orchestrator/internal/service/execution.go:87
[0m[33m[0.249ms] [34;1m[rows:1][0m SELECT e.id, e.template_id, t.name as template_name, e.status, 
				e.started_at, e.finished_at, e.duration, e.created_by, e.created_at,
				COUNT(se.id) as total_steps,
				SUM(CASE WHEN se.status = 'success' THEN 1 ELSE 0 END) as success_steps,
				SUM(CASE WHEN se.status = 'failed' THEN 1 ELSE 0 END) as failed_steps FROM workflow_executions e LEFT JOIN workflow_templates t ON e.template_id = t.id LEFT JOIN workflow_step_executions se ON e.id = se.execution_id GROUP BY `e`.`id` ORDER BY e.created_at desc LIMIT 10
{"client_ip":"::1","error":"","latency":623167,"level":"info","method":"GET","msg":"API Request","path":"/api/v1/executions?page=1\u0026size=10\u0026template_id=\u0026status=","protocol":"HTTP/1.1","status_code":200,"time":"2025-09-20T17:34:22+08:00","timestamp":"2025-09-20T17:34:22+08:00","user_agent":"Mozilla/5.0 (Macintosh; Intel Mac OS X 10_15_7) AppleWebKit/537.36 (KHTML, like Gecko) Chrome/139.0.0.0 Safari/537.36"}
[GIN] 2025/09/20 - 17:34:22 | 200 |     709.792µs |             ::1 | GET      "/api/v1/executions?page=1&size=10&template_id=&status="

2025/09/20 17:34:22 [32m/Users/lifengming/Work/CodeRepo/orchestrator/internal/service/template.go:108
[0m[33m[0.217ms] [34;1m[rows:8][0m SELECT * FROM `steps` WHERE `steps`.`id` IN ("e600cfc8-86a8-4110-b135-896d043f84aa","590c2be7-da95-4c79-85dc-d1151d0ee408","5a70c516-a5ff-4888-85d2-5912aba43936","cc073548-49f0-423a-9ae5-e2ca7ce846f2","ee6671cf-ecaf-4aed-b912-3c555d741d8d","a2868ffc-964f-4817-9a91-b2f5a0becc53","af0c93f5-ab71-4c39-afdf-c468a4cda7d2","1ac70a29-485c-4b4b-a8d1-317e98e27cf9")

2025/09/20 17:34:22 [32m/Users/lifengming/Work/CodeRepo/orchestrator/internal/service/template.go:108
[0m[33m[0.415ms] [34;1m[rows:8][0m SELECT * FROM `workflow_template_steps` WHERE `workflow_template_steps`.`template_id` IN ("715b67f0-fa6a-4294-8fe6-88697f38b30f","48e9b7b9-ac32-4076-8483-623b41f64c32")

2025/09/20 17:34:22 [32m/Users/lifengming/Work/CodeRepo/orchestrator/internal/service/template.go:108
[0m[33m[0.692ms] [34;1m[rows:2][0m SELECT * FROM `workflow_templates` ORDER BY created_at desc LIMIT 1000
{"client_ip":"::1","error":"","latency":1188667,"level":"info","method":"GET","msg":"API Request","path":"/api/v1/templates?size=1000","protocol":"HTTP/1.1","status_code":200,"time":"2025-09-20T17:34:22+08:00","timestamp":"2025-09-20T17:34:22+08:00","user_agent":"Mozilla/5.0 (Macintosh; Intel Mac OS X 10_15_7) AppleWebKit/537.36 (KHTML, like Gecko) Chrome/139.0.0.0 Safari/537.36"}
[GIN] 2025/09/20 - 17:34:22 | 200 |    1.242666ms |             ::1 | GET      "/api/v1/templates?size=1000"

2025/09/20 17:38:05 [32m/Users/lifengming/Work/CodeRepo/orchestrator/internal/service/template.go:102
[0m[33m[0.651ms] [34;1m[rows:1][0m SELECT count(*) FROM `workflow_templates`

2025/09/20 17:38:05 [32m/Users/lifengming/Work/CodeRepo/orchestrator/internal/service/execution.go:81
[0m[33m[0.545ms] [34;1m[rows:1][0m SELECT count(*) FROM `workflow_executions`

2025/09/20 17:38:05 [32m/Users/lifengming/Work/CodeRepo/orchestrator/internal/service/execution.go:87
[0m[33m[0.566ms] [34;1m[rows:1][0m SELECT e.id, e.template_id, t.name as template_name, e.status, 
				e.started_at, e.finished_at, e.duration, e.created_by, e.created_at,
				COUNT(se.id) as total_steps,
				SUM(CASE WHEN se.status = 'success' THEN 1 ELSE 0 END) as success_steps,
				SUM(CASE WHEN se.status = 'failed' THEN 1 ELSE 0 END) as failed_steps FROM workflow_executions e LEFT JOIN workflow_templates t ON e.template_id = t.id LEFT JOIN workflow_step_executions se ON e.id = se.execution_id GROUP BY `e`.`id` ORDER BY e.created_at desc LIMIT 10
{"client_ip":"::1","error":"","latency":1891000,"level":"info","method":"GET","msg":"API Request","path":"/api/v1/executions?page=1\u0026size=10\u0026template_id=\u0026status=","protocol":"HTTP/1.1","status_code":200,"time":"2025-09-20T17:38:05+08:00","timestamp":"2025-09-20T17:38:05+08:00","user_agent":"Mozilla/5.0 (Macintosh; Intel Mac OS X 10_15_7) AppleWebKit/537.36 (KHTML, like Gecko) Chrome/139.0.0.0 Safari/537.36"}
[GIN] 2025/09/20 - 17:38:05 | 200 |    2.008791ms |             ::1 | GET      "/api/v1/executions?page=1&size=10&template_id=&status="

2025/09/20 17:38:05 [32m/Users/lifengming/Work/CodeRepo/orchestrator/internal/service/template.go:108
[0m[33m[0.243ms] [34;1m[rows:8][0m SELECT * FROM `steps` WHERE `steps`.`id` IN ("e600cfc8-86a8-4110-b135-896d043f84aa","590c2be7-da95-4c79-85dc-d1151d0ee408","5a70c516-a5ff-4888-85d2-5912aba43936","cc073548-49f0-423a-9ae5-e2ca7ce846f2","ee6671cf-ecaf-4aed-b912-3c555d741d8d","a2868ffc-964f-4817-9a91-b2f5a0becc53","af0c93f5-ab71-4c39-afdf-c468a4cda7d2","1ac70a29-485c-4b4b-a8d1-317e98e27cf9")

2025/09/20 17:38:05 [32m/Users/lifengming/Work/CodeRepo/orchestrator/internal/service/template.go:108
[0m[33m[0.413ms] [34;1m[rows:8][0m SELECT * FROM `workflow_template_steps` WHERE `workflow_template_steps`.`template_id` IN ("715b67f0-fa6a-4294-8fe6-88697f38b30f","48e9b7b9-ac32-4076-8483-623b41f64c32")

2025/09/20 17:38:05 [32m/Users/lifengming/Work/CodeRepo/orchestrator/internal/service/template.go:108
[0m[33m[0.913ms] [34;1m[rows:2][0m SELECT * FROM `workflow_templates` ORDER BY created_at desc LIMIT 1000
{"client_ip":"::1","error":"","latency":2163125,"level":"info","method":"GET","msg":"API Request","path":"/api/v1/templates?size=1000","protocol":"HTTP/1.1","status_code":200,"time":"2025-09-20T17:38:05+08:00","timestamp":"2025-09-20T17:38:05+08:00","user_agent":"Mozilla/5.0 (Macintosh; Intel Mac OS X 10_15_7) AppleWebKit/537.36 (KHTML, like Gecko) Chrome/139.0.0.0 Safari/537.36"}
[GIN] 2025/09/20 - 17:38:05 | 200 |    2.279958ms |             ::1 | GET      "/api/v1/templates?size=1000"

2025/09/20 17:38:18 [32m/Users/lifengming/Work/CodeRepo/orchestrator/internal/service/template.go:102
[0m[33m[0.086ms] [34;1m[rows:1][0m SELECT count(*) FROM `workflow_templates`

2025/09/20 17:38:18 [32m/Users/lifengming/Work/CodeRepo/orchestrator/internal/service/execution.go:81
[0m[33m[0.048ms] [34;1m[rows:1][0m SELECT count(*) FROM `workflow_executions`

2025/09/20 17:38:18 [32m/Users/lifengming/Work/CodeRepo/orchestrator/internal/service/execution.go:87
[0m[33m[0.206ms] [34;1m[rows:1][0m SELECT e.id, e.template_id, t.name as template_name, e.status, 
				e.started_at, e.finished_at, e.duration, e.created_by, e.created_at,
				COUNT(se.id) as total_steps,
				SUM(CASE WHEN se.status = 'success' THEN 1 ELSE 0 END) as success_steps,
				SUM(CASE WHEN se.status = 'failed' THEN 1 ELSE 0 END) as failed_steps FROM workflow_executions e LEFT JOIN workflow_templates t ON e.template_id = t.id LEFT JOIN workflow_step_executions se ON e.id = se.execution_id GROUP BY `e`.`id` ORDER BY e.created_at desc LIMIT 10
{"client_ip":"::1","error":"","latency":399959,"level":"info","method":"GET","msg":"API Request","path":"/api/v1/executions?page=1\u0026size=10\u0026template_id=\u0026status=","protocol":"HTTP/1.1","status_code":200,"time":"2025-09-20T17:38:18+08:00","timestamp":"2025-09-20T17:38:18+08:00","user_agent":"Mozilla/5.0 (Macintosh; Intel Mac OS X 10_15_7) AppleWebKit/537.36 (KHTML, like Gecko) Chrome/139.0.0.0 Safari/537.36"}
[GIN] 2025/09/20 - 17:38:18 | 200 |     436.334µs |             ::1 | GET      "/api/v1/executions?page=1&size=10&template_id=&status="

2025/09/20 17:38:18 [32m/Users/lifengming/Work/CodeRepo/orchestrator/internal/service/template.go:108
[0m[33m[0.183ms] [34;1m[rows:8][0m SELECT * FROM `steps` WHERE `steps`.`id` IN ("e600cfc8-86a8-4110-b135-896d043f84aa","590c2be7-da95-4c79-85dc-d1151d0ee408","5a70c516-a5ff-4888-85d2-5912aba43936","cc073548-49f0-423a-9ae5-e2ca7ce846f2","ee6671cf-ecaf-4aed-b912-3c555d741d8d","a2868ffc-964f-4817-9a91-b2f5a0becc53","af0c93f5-ab71-4c39-afdf-c468a4cda7d2","1ac70a29-485c-4b4b-a8d1-317e98e27cf9")

2025/09/20 17:38:18 [32m/Users/lifengming/Work/CodeRepo/orchestrator/internal/service/template.go:108
[0m[33m[0.350ms] [34;1m[rows:8][0m SELECT * FROM `workflow_template_steps` WHERE `workflow_template_steps`.`template_id` IN ("715b67f0-fa6a-4294-8fe6-88697f38b30f","48e9b7b9-ac32-4076-8483-623b41f64c32")

2025/09/20 17:38:18 [32m/Users/lifengming/Work/CodeRepo/orchestrator/internal/service/template.go:108
[0m[33m[0.559ms] [34;1m[rows:2][0m SELECT * FROM `workflow_templates` ORDER BY created_at desc LIMIT 1000
{"client_ip":"::1","error":"","latency":762500,"level":"info","method":"GET","msg":"API Request","path":"/api/v1/templates?size=1000","protocol":"HTTP/1.1","status_code":200,"time":"2025-09-20T17:38:18+08:00","timestamp":"2025-09-20T17:38:18+08:00","user_agent":"Mozilla/5.0 (Macintosh; Intel Mac OS X 10_15_7) AppleWebKit/537.36 (KHTML, like Gecko) Chrome/139.0.0.0 Safari/537.36"}
[GIN] 2025/09/20 - 17:38:18 | 200 |         783µs |             ::1 | GET      "/api/v1/templates?size=1000"

2025/09/20 17:38:26 [32m/Users/lifengming/Work/CodeRepo/orchestrator/internal/service/step.go:74
[0m[33m[0.208ms] [34;1m[rows:1][0m SELECT count(*) FROM `steps`

2025/09/20 17:38:26 [32m/Users/lifengming/Work/CodeRepo/orchestrator/internal/service/step.go:80
[0m[33m[0.453ms] [34;1m[rows:8][0m SELECT * FROM `steps` ORDER BY created_at desc LIMIT 10
{"client_ip":"::1","error":"","latency":910375,"level":"info","method":"GET","msg":"API Request","path":"/api/v1/steps?page=1\u0026size=10\u0026name=\u0026executor_type=","protocol":"HTTP/1.1","status_code":200,"time":"2025-09-20T17:38:26+08:00","timestamp":"2025-09-20T17:38:26+08:00","user_agent":"Mozilla/5.0 (Macintosh; Intel Mac OS X 10_15_7) AppleWebKit/537.36 (KHTML, like Gecko) Chrome/139.0.0.0 Safari/537.36"}
[GIN] 2025/09/20 - 17:38:26 | 200 |       987.5µs |             ::1 | GET      "/api/v1/steps?page=1&size=10&name=&executor_type="

2025/09/20 17:38:27 [32m/Users/lifengming/Work/CodeRepo/orchestrator/internal/service/step.go:74
[0m[33m[0.153ms] [34;1m[rows:1][0m SELECT count(*) FROM `steps`

2025/09/20 17:38:27 [32m/Users/lifengming/Work/CodeRepo/orchestrator/internal/service/step.go:80
[0m[33m[0.285ms] [34;1m[rows:8][0m SELECT * FROM `steps` ORDER BY created_at desc LIMIT 10
{"client_ip":"::1","error":"","latency":595875,"level":"info","method":"GET","msg":"API Request","path":"/api/v1/steps?page=1\u0026size=10\u0026name=\u0026executor_type=","protocol":"HTTP/1.1","status_code":200,"time":"2025-09-20T17:38:27+08:00","timestamp":"2025-09-20T17:38:27+08:00","user_agent":"Mozilla/5.0 (Macintosh; Intel Mac OS X 10_15_7) AppleWebKit/537.36 (KHTML, like Gecko) Chrome/139.0.0.0 Safari/537.36"}
[GIN] 2025/09/20 - 17:38:27 | 200 |     637.458µs |             ::1 | GET      "/api/v1/steps?page=1&size=10&name=&executor_type="

2025/09/20 17:38:28 [32m/Users/lifengming/Work/CodeRepo/orchestrator/internal/service/step.go:74
[0m[33m[0.200ms] [34;1m[rows:1][0m SELECT count(*) FROM `steps`

2025/09/20 17:38:28 [32m/Users/lifengming/Work/CodeRepo/orchestrator/internal/service/step.go:80
[0m[33m[0.286ms] [34;1m[rows:8][0m SELECT * FROM `steps` ORDER BY created_at desc LIMIT 10
{"client_ip":"::1","error":"","latency":699500,"level":"info","method":"GET","msg":"API Request","path":"/api/v1/steps?page=1\u0026size=10\u0026name=\u0026executor_type=","protocol":"HTTP/1.1","status_code":200,"time":"2025-09-20T17:38:28+08:00","timestamp":"2025-09-20T17:38:28+08:00","user_agent":"Mozilla/5.0 (Macintosh; Intel Mac OS X 10_15_7) AppleWebKit/537.36 (KHTML, like Gecko) Chrome/139.0.0.0 Safari/537.36"}
[GIN] 2025/09/20 - 17:38:28 | 200 |       741.5µs |             ::1 | GET      "/api/v1/steps?page=1&size=10&name=&executor_type="

2025/09/20 17:38:43 [32m/Users/lifengming/Work/CodeRepo/orchestrator/internal/service/step.go:74
[0m[33m[0.139ms] [34;1m[rows:1][0m SELECT count(*) FROM `steps`

2025/09/20 17:38:43 [32m/Users/lifengming/Work/CodeRepo/orchestrator/internal/service/step.go:80
[0m[33m[0.297ms] [34;1m[rows:8][0m SELECT * FROM `steps` ORDER BY created_at desc LIMIT 10
{"client_ip":"::1","error":"","latency":618083,"level":"info","method":"GET","msg":"API Request","path":"/api/v1/steps?page=1\u0026size=10\u0026name=\u0026executor_type=","protocol":"HTTP/1.1","status_code":200,"time":"2025-09-20T17:38:43+08:00","timestamp":"2025-09-20T17:38:43+08:00","user_agent":"Mozilla/5.0 (Macintosh; Intel Mac OS X 10_15_7) AppleWebKit/537.36 (KHTML, like Gecko) Chrome/139.0.0.0 Safari/537.36"}
[GIN] 2025/09/20 - 17:38:43 | 200 |     661.875µs |             ::1 | GET      "/api/v1/steps?page=1&size=10&name=&executor_type="

2025/09/20 17:38:44 [32m/Users/lifengming/Work/CodeRepo/orchestrator/internal/service/step.go:74
[0m[33m[0.150ms] [34;1m[rows:1][0m SELECT count(*) FROM `steps`

2025/09/20 17:38:44 [32m/Users/lifengming/Work/CodeRepo/orchestrator/internal/service/step.go:80
[0m[33m[0.293ms] [34;1m[rows:8][0m SELECT * FROM `steps` ORDER BY created_at desc LIMIT 10
{"client_ip":"::1","error":"","latency":613209,"level":"info","method":"GET","msg":"API Request","path":"/api/v1/steps?page=1\u0026size=10\u0026name=\u0026executor_type=","protocol":"HTTP/1.1","status_code":200,"time":"2025-09-20T17:38:44+08:00","timestamp":"2025-09-20T17:38:44+08:00","user_agent":"Mozilla/5.0 (Macintosh; Intel Mac OS X 10_15_7) AppleWebKit/537.36 (KHTML, like Gecko) Chrome/139.0.0.0 Safari/537.36"}
[GIN] 2025/09/20 - 17:38:44 | 200 |     659.709µs |             ::1 | GET      "/api/v1/steps?page=1&size=10&name=&executor_type="

2025/09/20 17:38:44 [32m/Users/lifengming/Work/CodeRepo/orchestrator/internal/service/step.go:74
[0m[33m[0.115ms] [34;1m[rows:1][0m SELECT count(*) FROM `steps`

2025/09/20 17:38:44 [32m/Users/lifengming/Work/CodeRepo/orchestrator/internal/service/step.go:80
[0m[33m[0.213ms] [34;1m[rows:8][0m SELECT * FROM `steps` ORDER BY created_at desc LIMIT 10
{"client_ip":"::1","error":"","latency":460917,"level":"info","method":"GET","msg":"API Request","path":"/api/v1/steps?page=1\u0026size=10\u0026name=\u0026executor_type=","protocol":"HTTP/1.1","status_code":200,"time":"2025-09-20T17:38:44+08:00","timestamp":"2025-09-20T17:38:44+08:00","user_agent":"Mozilla/5.0 (Macintosh; Intel Mac OS X 10_15_7) AppleWebKit/537.36 (KHTML, like Gecko) Chrome/139.0.0.0 Safari/537.36"}
[GIN] 2025/09/20 - 17:38:44 | 200 |     505.958µs |             ::1 | GET      "/api/v1/steps?page=1&size=10&name=&executor_type="

2025/09/20 17:38:44 [32m/Users/lifengming/Work/CodeRepo/orchestrator/internal/service/step.go:74
[0m[33m[0.236ms] [34;1m[rows:1][0m SELECT count(*) FROM `steps`

2025/09/20 17:38:44 [32m/Users/lifengming/Work/CodeRepo/orchestrator/internal/service/step.go:80
[0m[33m[0.244ms] [34;1m[rows:8][0m SELECT * FROM `steps` ORDER BY created_at desc LIMIT 10
{"client_ip":"::1","error":"","latency":705041,"level":"info","method":"GET","msg":"API Request","path":"/api/v1/steps?page=1\u0026size=10\u0026name=\u0026executor_type=","protocol":"HTTP/1.1","status_code":200,"time":"2025-09-20T17:38:44+08:00","timestamp":"2025-09-20T17:38:44+08:00","user_agent":"Mozilla/5.0 (Macintosh; Intel Mac OS X 10_15_7) AppleWebKit/537.36 (KHTML, like Gecko) Chrome/139.0.0.0 Safari/537.36"}
[GIN] 2025/09/20 - 17:38:44 | 200 |      755.25µs |             ::1 | GET      "/api/v1/steps?page=1&size=10&name=&executor_type="

2025/09/20 17:40:01 [32m/Users/lifengming/Work/CodeRepo/orchestrator/internal/service/step.go:74
[0m[33m[0.238ms] [34;1m[rows:1][0m SELECT count(*) FROM `steps`

2025/09/20 17:40:01 [32m/Users/lifengming/Work/CodeRepo/orchestrator/internal/service/step.go:80
[0m[33m[0.941ms] [34;1m[rows:8][0m SELECT * FROM `steps` ORDER BY created_at desc LIMIT 10
{"client_ip":"::1","error":"","latency":3321750,"level":"info","method":"GET","msg":"API Request","path":"/api/v1/steps?page=1\u0026size=10\u0026name=\u0026executor_type=","protocol":"HTTP/1.1","status_code":200,"time":"2025-09-20T17:40:01+08:00","timestamp":"2025-09-20T17:40:01+08:00","user_agent":"Mozilla/5.0 (Macintosh; Intel Mac OS X 10_15_7) AppleWebKit/537.36 (KHTML, like Gecko) Chrome/139.0.0.0 Safari/537.36"}
[GIN] 2025/09/20 - 17:40:01 | 200 |    4.576875ms |             ::1 | GET      "/api/v1/steps?page=1&size=10&name=&executor_type="

2025/09/20 17:40:02 [32m/Users/lifengming/Work/CodeRepo/orchestrator/internal/service/step.go:74
[0m[33m[0.140ms] [34;1m[rows:1][0m SELECT count(*) FROM `steps`

2025/09/20 17:40:02 [32m/Users/lifengming/Work/CodeRepo/orchestrator/internal/service/step.go:80
[0m[33m[0.239ms] [34;1m[rows:8][0m SELECT * FROM `steps` ORDER BY created_at desc LIMIT 10
{"client_ip":"::1","error":"","latency":537875,"level":"info","method":"GET","msg":"API Request","path":"/api/v1/steps?page=1\u0026size=10\u0026name=\u0026executor_type=","protocol":"HTTP/1.1","status_code":200,"time":"2025-09-20T17:40:02+08:00","timestamp":"2025-09-20T17:40:02+08:00","user_agent":"Mozilla/5.0 (Macintosh; Intel Mac OS X 10_15_7) AppleWebKit/537.36 (KHTML, like Gecko) Chrome/139.0.0.0 Safari/537.36"}
[GIN] 2025/09/20 - 17:40:02 | 200 |     603.292µs |             ::1 | GET      "/api/v1/steps?page=1&size=10&name=&executor_type="

2025/09/20 17:40:13 [32m/Users/lifengming/Work/CodeRepo/orchestrator/internal/service/step.go:74
[0m[33m[0.241ms] [34;1m[rows:1][0m SELECT count(*) FROM `steps`

2025/09/20 17:40:13 [32m/Users/lifengming/Work/CodeRepo/orchestrator/internal/service/step.go:80
[0m[33m[0.379ms] [34;1m[rows:8][0m SELECT * FROM `steps` ORDER BY created_at desc LIMIT 10
{"client_ip":"::1","error":"","latency":1099416,"level":"info","method":"GET","msg":"API Request","path":"/api/v1/steps?page=1\u0026size=10\u0026name=\u0026executor_type=","protocol":"HTTP/1.1","status_code":200,"time":"2025-09-20T17:40:13+08:00","timestamp":"2025-09-20T17:40:13+08:00","user_agent":"Mozilla/5.0 (Macintosh; Intel Mac OS X 10_15_7) AppleWebKit/537.36 (KHTML, like Gecko) Chrome/139.0.0.0 Safari/537.36"}
[GIN] 2025/09/20 - 17:40:13 | 200 |    1.191792ms |             ::1 | GET      "/api/v1/steps?page=1&size=10&name=&executor_type="

2025/09/20 17:41:06 [32m/Users/lifengming/Work/CodeRepo/orchestrator/internal/service/step.go:74
[0m[33m[0.822ms] [34;1m[rows:1][0m SELECT count(*) FROM `steps`

2025/09/20 17:41:06 [32m/Users/lifengming/Work/CodeRepo/orchestrator/internal/service/step.go:80
[0m[33m[0.994ms] [34;1m[rows:8][0m SELECT * FROM `steps` ORDER BY created_at desc LIMIT 10
{"client_ip":"::1","error":"","latency":2910458,"level":"info","method":"GET","msg":"API Request","path":"/api/v1/steps?page=1\u0026size=10\u0026name=\u0026executor_type=","protocol":"HTTP/1.1","status_code":200,"time":"2025-09-20T17:41:06+08:00","timestamp":"2025-09-20T17:41:06+08:00","user_agent":"Mozilla/5.0 (Macintosh; Intel Mac OS X 10_15_7) AppleWebKit/537.36 (KHTML, like Gecko) Chrome/139.0.0.0 Safari/537.36"}
[GIN] 2025/09/20 - 17:41:06 | 200 |    3.141667ms |             ::1 | GET      "/api/v1/steps?page=1&size=10&name=&executor_type="

2025/09/20 17:41:06 [32m/Users/lifengming/Work/CodeRepo/orchestrator/internal/service/step.go:74
[0m[33m[0.167ms] [34;1m[rows:1][0m SELECT count(*) FROM `steps`

2025/09/20 17:41:06 [32m/Users/lifengming/Work/CodeRepo/orchestrator/internal/service/step.go:80
[0m[33m[0.365ms] [34;1m[rows:8][0m SELECT * FROM `steps` ORDER BY created_at desc LIMIT 10
{"client_ip":"::1","error":"","latency":745042,"level":"info","method":"GET","msg":"API Request","path":"/api/v1/steps?page=1\u0026size=10\u0026name=\u0026executor_type=","protocol":"HTTP/1.1","status_code":200,"time":"2025-09-20T17:41:06+08:00","timestamp":"2025-09-20T17:41:06+08:00","user_agent":"Mozilla/5.0 (Macintosh; Intel Mac OS X 10_15_7) AppleWebKit/537.36 (KHTML, like Gecko) Chrome/139.0.0.0 Safari/537.36"}
[GIN] 2025/09/20 - 17:41:06 | 200 |     812.958µs |             ::1 | GET      "/api/v1/steps?page=1&size=10&name=&executor_type="

2025/09/20 17:41:08 [32m/Users/lifengming/Work/CodeRepo/orchestrator/internal/service/step.go:74
[0m[33m[0.131ms] [34;1m[rows:1][0m SELECT count(*) FROM `steps`

2025/09/20 17:41:08 [32m/Users/lifengming/Work/CodeRepo/orchestrator/internal/service/step.go:80
[0m[33m[0.216ms] [34;1m[rows:8][0m SELECT * FROM `steps` ORDER BY created_at desc LIMIT 10
{"client_ip":"::1","error":"","latency":542959,"level":"info","method":"GET","msg":"API Request","path":"/api/v1/steps?page=1\u0026size=10\u0026name=\u0026executor_type=","protocol":"HTTP/1.1","status_code":200,"time":"2025-09-20T17:41:08+08:00","timestamp":"2025-09-20T17:41:08+08:00","user_agent":"Mozilla/5.0 (Macintosh; Intel Mac OS X 10_15_7) AppleWebKit/537.36 (KHTML, like Gecko) Chrome/139.0.0.0 Safari/537.36"}
[GIN] 2025/09/20 - 17:41:08 | 200 |     642.625µs |             ::1 | GET      "/api/v1/steps?page=1&size=10&name=&executor_type="

2025/09/20 17:41:08 [32m/Users/lifengming/Work/CodeRepo/orchestrator/internal/service/step.go:74
[0m[33m[0.203ms] [34;1m[rows:1][0m SELECT count(*) FROM `steps`

2025/09/20 17:41:08 [32m/Users/lifengming/Work/CodeRepo/orchestrator/internal/service/step.go:80
[0m[33m[0.593ms] [34;1m[rows:8][0m SELECT * FROM `steps` ORDER BY created_at desc LIMIT 10
{"client_ip":"::1","error":"","latency":1096334,"level":"info","method":"GET","msg":"API Request","path":"/api/v1/steps?page=1\u0026size=10\u0026name=\u0026executor_type=","protocol":"HTTP/1.1","status_code":200,"time":"2025-09-20T17:41:08+08:00","timestamp":"2025-09-20T17:41:08+08:00","user_agent":"Mozilla/5.0 (Macintosh; Intel Mac OS X 10_15_7) AppleWebKit/537.36 (KHTML, like Gecko) Chrome/139.0.0.0 Safari/537.36"}
[GIN] 2025/09/20 - 17:41:08 | 200 |    1.140125ms |             ::1 | GET      "/api/v1/steps?page=1&size=10&name=&executor_type="

2025/09/20 17:41:08 [32m/Users/lifengming/Work/CodeRepo/orchestrator/internal/service/step.go:74
[0m[33m[0.140ms] [34;1m[rows:1][0m SELECT count(*) FROM `steps`

2025/09/20 17:41:08 [32m/Users/lifengming/Work/CodeRepo/orchestrator/internal/service/step.go:80
[0m[33m[0.285ms] [34;1m[rows:8][0m SELECT * FROM `steps` ORDER BY created_at desc LIMIT 10
{"client_ip":"::1","error":"","latency":592375,"level":"info","method":"GET","msg":"API Request","path":"/api/v1/steps?page=1\u0026size=10\u0026name=\u0026executor_type=","protocol":"HTTP/1.1","status_code":200,"time":"2025-09-20T17:41:08+08:00","timestamp":"2025-09-20T17:41:08+08:00","user_agent":"Mozilla/5.0 (Macintosh; Intel Mac OS X 10_15_7) AppleWebKit/537.36 (KHTML, like Gecko) Chrome/139.0.0.0 Safari/537.36"}
[GIN] 2025/09/20 - 17:41:08 | 200 |     734.833µs |             ::1 | GET      "/api/v1/steps?page=1&size=10&name=&executor_type="
